Build started 1.06.2017 03:38:53.
     1>Project "C:\Users\TEMEL\Documents\GitHub\Oyun-master\Oyun\Oyun.vcxproj" on node 2 (Build target(s)).
     1>ClCompile:
         C:\Program Files (x86)\Microsoft Visual Studio 11.0\VC\bin\CL.exe /c /Zi /nologo /W3 /WX- /O2 /Oi /Oy- /GL /D _MBCS /Gm- /EHsc /MD /GS /Gy /fp:precise /Zc:wchar_t /Zc:forScope /Fo"Release\\" /Fd"Release\vc110.pdb" /Gd /TP /analyze- /errorReport:prompt Animation.cpp Enemy.cpp Fonts.cpp Events.cpp Game.cpp "Inventory.cpp" "Items.cpp" Main.cpp Menu.cpp Player.cpp Render.cpp Sounds.cpp Texture.cpp Timer.cpp Tools.cpp Window.cpp
         Animation.cpp
         Enemy.cpp
         Fonts.cpp
         Events.cpp
         Game.cpp
         Inventory.cpp
         Items.cpp
         Main.cpp
         Menu.cpp
         Player.cpp
         Render.cpp
         Sounds.cpp
         Texture.cpp
         Timer.cpp
         Tools.cpp
         Window.cpp
       Link:
         C:\Program Files (x86)\Microsoft Visual Studio 11.0\VC\bin\link.exe /ERRORREPORT:PROMPT /OUT:"C:\Users\TEMEL\Documents\GitHub\Oyun-master\Release\My Final Project.exe" /NOLOGO kernel32.lib user32.lib gdi32.lib winspool.lib comdlg32.lib advapi32.lib shell32.lib ole32.lib oleaut32.lib uuid.lib odbc32.lib odbccp32.lib /MANIFEST /MANIFESTUAC:"level='asInvoker' uiAccess='false'" /manifest:embed /DEBUG /PDB:"C:\Users\TEMEL\Documents\GitHub\Oyun-master\Release\My Final Project.pdb" /OPT:REF /OPT:ICF /LTCG /TLBID:1 /DYNAMICBASE /NXCOMPAT /IMPLIB:"C:\Users\TEMEL\Documents\GitHub\Oyun-master\Release\My Final Project.lib" /MACHINE:X86 /SAFESEH Release\Animation.obj
         Release\Enemy.obj
         Release\Fonts.obj
         Release\Events.obj
         Release\Game.obj
         "Release\Inventory.obj"
         "Release\Items.obj"
         Release\Main.obj
         Release\Menu.obj
         Release\Player.obj
         Release\Render.obj
         Release\Sounds.obj
         Release\Texture.obj
         Release\Timer.obj
         Release\Tools.obj
         Release\Window.obj
     1>LINK : fatal error LNK1561: entry point must be defined
     1>Done Building Project "C:\Users\TEMEL\Documents\GitHub\Oyun-master\Oyun\Oyun.vcxproj" (Build target(s)) -- FAILED.

Build FAILED.

Time Elapsed 00:00:11.41
